C:\Program Files\nodejs\npx.cmd ts-node src/index.ts
---
---
---
---
---
---
---
---
files in folder: 11488
emails in folder: 11488
Tue May 02 2023 21:49:46 GMT+0200 (centraleuropeisk sommartid)
Tue May 02 2023 21:25:15 GMT+0200 (centraleuropeisk sommartid)
Tue May 02 2023 21:15:29 GMT+0200 (centraleuropeisk sommartid)
Tue May 02 2023 11:04:05 GMT+0200 (centraleuropeisk sommartid)
Mon May 01 2023 17:12:35 GMT+0200 (centraleuropeisk sommartid)
Mon Apr 24 2023 17:05:17 GMT+0200 (centraleuropeisk sommartid)
Fri Apr 21 2023 09:02:13 GMT+0200 (centraleuropeisk sommartid)
Thu Apr 20 2023 14:27:42 GMT+0200 (centraleuropeisk sommartid)
Wed Apr 19 2023 16:44:31 GMT+0200 (centraleuropeisk sommartid)
Tue Apr 18 2023 11:34:11 GMT+0200 (centraleuropeisk sommartid)
Sun Apr 16 2023 13:41:43 GMT+0200 (centraleuropeisk sommartid)
Sun Apr 16 2023 08:14:29 GMT+0200 (centraleuropeisk sommartid)
Sat Apr 15 2023 16:31:40 GMT+0200 (centraleuropeisk sommartid)
Sat Apr 15 2023 14:00:49 GMT+0200 (centraleuropeisk sommartid)
Sat Apr 15 2023 13:59:56 GMT+0200 (centraleuropeisk sommartid)
Thu Apr 13 2023 09:21:06 GMT+0200 (centraleuropeisk sommartid)
Thu Apr 13 2023 09:20:36 GMT+0200 (centraleuropeisk sommartid)
Wed Apr 12 2023 20:08:36 GMT+0200 (centraleuropeisk sommartid)
Tue Apr 11 2023 18:03:17 GMT+0200 (centraleuropeisk sommartid)
Tue Apr 11 2023 13:45:01 GMT+0200 (centraleuropeisk sommartid)
Mon Apr 10 2023 11:24:59 GMT+0200 (centraleuropeisk sommartid)
Fri Apr 07 2023 22:24:59 GMT+0200 (centraleuropeisk sommartid)
Wed Apr 05 2023 21:08:05 GMT+0200 (centraleuropeisk sommartid)
Wed Apr 05 2023 00:24:41 GMT+0200 (centraleuropeisk sommartid)
Mon Apr 03 2023 17:20:00 GMT+0200 (centraleuropeisk sommartid)
Mon Apr 03 2023 09:06:54 GMT+0200 (centraleuropeisk sommartid)
Sun Apr 02 2023 08:36:55 GMT+0200 (centraleuropeisk sommartid)
Wed Mar 29 2023 18:34:24 GMT+0200 (centraleuropeisk sommartid)
Wed Mar 29 2023 16:39:19 GMT+0200 (centraleuropeisk sommartid)
Tue Mar 28 2023 23:24:23 GMT+0200 (centraleuropeisk sommartid)
Tue Mar 28 2023 09:19:09 GMT+0200 (centraleuropeisk sommartid)
Sun Mar 26 2023 09:39:12 GMT+0200 (centraleuropeisk sommartid)
Sat Mar 25 2023 02:39:55 GMT+0100 (centraleuropeisk normaltid)
Fri Mar 24 2023 18:22:04 GMT+0100 (centraleuropeisk normaltid)
Wed Mar 22 2023 21:33:54 GMT+0100 (centraleuropeisk normaltid)
Tue Mar 21 2023 07:30:03 GMT+0100 (centraleuropeisk normaltid)
Mon Mar 20 2023 12:46:07 GMT+0100 (centraleuropeisk normaltid)
Sun Mar 19 2023 23:24:41 GMT+0100 (centraleuropeisk normaltid)
Sun Mar 19 2023 10:47:14 GMT+0100 (centraleuropeisk normaltid)
Fri Mar 17 2023 11:32:09 GMT+0100 (centraleuropeisk normaltid)
Fri Mar 17 2023 01:20:37 GMT+0100 (centraleuropeisk normaltid)
Wed Mar 15 2023 20:15:08 GMT+0100 (centraleuropeisk normaltid)
Tue Mar 14 2023 21:30:22 GMT+0100 (centraleuropeisk normaltid)
Tue Mar 14 2023 10:10:04 GMT+0100 (centraleuropeisk normaltid)
Fri Mar 10 2023 17:43:18 GMT+0100 (centraleuropeisk normaltid)
Fri Mar 10 2023 17:42:04 GMT+0100 (centraleuropeisk normaltid)
Fri Mar 10 2023 17:41:20 GMT+0100 (centraleuropeisk normaltid)
Fri Mar 10 2023 11:58:02 GMT+0100 (centraleuropeisk normaltid)
Fri Mar 10 2023 10:22:10 GMT+0100 (centraleuropeisk normaltid)
Thu Mar 09 2023 07:05:16 GMT+0100 (centraleuropeisk normaltid)
Wed Mar 08 2023 11:57:54 GMT+0100 (centraleuropeisk normaltid)
Wed Mar 08 2023 11:57:50 GMT+0100 (centraleuropeisk normaltid)
Tue Mar 07 2023 06:19:52 GMT+0100 (centraleuropeisk normaltid)
Mon Mar 06 2023 10:34:25 GMT+0100 (centraleuropeisk normaltid)
Sun Mar 05 2023 16:08:49 GMT+0100 (centraleuropeisk normaltid)
Sun Mar 05 2023 11:55:39 GMT+0100 (centraleuropeisk normaltid)
Sat Mar 04 2023 21:20:18 GMT+0100 (centraleuropeisk normaltid)
Fri Mar 03 2023 22:18:22 GMT+0100 (centraleuropeisk normaltid)
Thu Mar 02 2023 09:21:27 GMT+0100 (centraleuropeisk normaltid)
Wed Mar 01 2023 10:00:44 GMT+0100 (centraleuropeisk normaltid)
Tue Feb 28 2023 13:03:04 GMT+0100 (centraleuropeisk normaltid)
Tue Feb 28 2023 13:00:47 GMT+0100 (centraleuropeisk normaltid)
Tue Feb 28 2023 12:55:41 GMT+0100 (centraleuropeisk normaltid)
Tue Feb 28 2023 08:37:52 GMT+0100 (centraleuropeisk normaltid)
Mon Feb 27 2023 15:57:18 GMT+0100 (centraleuropeisk normaltid)
Mon Feb 27 2023 01:38:08 GMT+0100 (centraleuropeisk normaltid)
Sun Feb 26 2023 07:30:42 GMT+0100 (centraleuropeisk normaltid)
Sun Feb 26 2023 02:00:37 GMT+0100 (centraleuropeisk normaltid)
Sat Feb 25 2023 20:31:54 GMT+0100 (centraleuropeisk normaltid)
Fri Feb 24 2023 14:15:34 GMT+0100 (centraleuropeisk normaltid)
Fri Feb 24 2023 09:23:57 GMT+0100 (centraleuropeisk normaltid)
Thu Feb 23 2023 14:03:40 GMT+0100 (centraleuropeisk normaltid)
Thu Feb 23 2023 13:22:16 GMT+0100 (centraleuropeisk normaltid)
Thu Feb 23 2023 10:06:23 GMT+0100 (centraleuropeisk normaltid)
Wed Feb 22 2023 15:55:42 GMT+0100 (centraleuropeisk normaltid)
Wed Feb 22 2023 14:02:30 GMT+0100 (centraleuropeisk normaltid)
Wed Feb 22 2023 13:11:38 GMT+0100 (centraleuropeisk normaltid)
Tue Feb 21 2023 18:57:47 GMT+0100 (centraleuropeisk normaltid)
Tue Feb 21 2023 09:50:08 GMT+0100 (centraleuropeisk normaltid)
Mon Feb 20 2023 19:23:25 GMT+0100 (centraleuropeisk normaltid)
Mon Feb 20 2023 17:27:28 GMT+0100 (centraleuropeisk normaltid)
Mon Feb 20 2023 12:40:04 GMT+0100 (centraleuropeisk normaltid)
Mon Feb 20 2023 06:56:48 GMT+0100 (centraleuropeisk normaltid)
Sun Feb 19 2023 21:48:17 GMT+0100 (centraleuropeisk normaltid)
Sun Feb 19 2023 13:34:19 GMT+0100 (centraleuropeisk normaltid)
Fri Feb 17 2023 16:55:20 GMT+0100 (centraleuropeisk normaltid)
Thu Feb 16 2023 15:13:26 GMT+0100 (centraleuropeisk normaltid)
Wed Feb 15 2023 15:12:10 GMT+0100 (centraleuropeisk normaltid)
Wed Feb 15 2023 10:46:57 GMT+0100 (centraleuropeisk normaltid)
Tue Feb 14 2023 14:35:41 GMT+0100 (centraleuropeisk normaltid)
Tue Feb 14 2023 09:16:08 GMT+0100 (centraleuropeisk normaltid)
Mon Feb 13 2023 17:21:14 GMT+0100 (centraleuropeisk normaltid)
Mon Feb 13 2023 11:15:45 GMT+0100 (centraleuropeisk normaltid)
Mon Feb 13 2023 06:48:38 GMT+0100 (centraleuropeisk normaltid)
Fri Feb 10 2023 16:14:14 GMT+0100 (centraleuropeisk normaltid)
Fri Feb 10 2023 00:05:15 GMT+0100 (centraleuropeisk normaltid)
Wed Feb 08 2023 17:58:21 GMT+0100 (centraleuropeisk normaltid)
Tue Feb 07 2023 21:06:10 GMT+0100 (centraleuropeisk normaltid)
Tue Feb 07 2023 15:07:30 GMT+0100 (centraleuropeisk normaltid)
Mon Feb 06 2023 17:21:04 GMT+0100 (centraleuropeisk normaltid)
Thu Feb 02 2023 19:13:43 GMT+0100 (centraleuropeisk normaltid)
Tue Jan 31 2023 10:56:47 GMT+0100 (centraleuropeisk normaltid)
Mon Jan 30 2023 17:20:27 GMT+0100 (centraleuropeisk normaltid)
Sat Jan 28 2023 04:05:16 GMT+0100 (centraleuropeisk normaltid)
Fri Jan 27 2023 13:17:41 GMT+0100 (centraleuropeisk normaltid)
Thu Jan 26 2023 18:37:03 GMT+0100 (centraleuropeisk normaltid)
Thu Jan 26 2023 15:53:57 GMT+0100 (centraleuropeisk normaltid)
Wed Jan 25 2023 04:37:08 GMT+0100 (centraleuropeisk normaltid)
Mon Jan 23 2023 17:23:13 GMT+0100 (centraleuropeisk normaltid)
Tue Jan 17 2023 13:58:43 GMT+0100 (centraleuropeisk normaltid)
Tue Jan 17 2023 00:22:58 GMT+0100 (centraleuropeisk normaltid)
Sun Jan 15 2023 16:12:17 GMT+0100 (centraleuropeisk normaltid)
Fri Jan 13 2023 08:56:14 GMT+0100 (centraleuropeisk normaltid)
Thu Jan 12 2023 16:20:13 GMT+0100 (centraleuropeisk normaltid)
Thu Jan 12 2023 11:16:16 GMT+0100 (centraleuropeisk normaltid)
Wed Jan 11 2023 13:02:14 GMT+0100 (centraleuropeisk normaltid)
Mon Jan 09 2023 17:37:24 GMT+0100 (centraleuropeisk normaltid)
Fri Jan 06 2023 12:25:43 GMT+0100 (centraleuropeisk normaltid)
Wed Jan 04 2023 12:53:46 GMT+0100 (centraleuropeisk normaltid)
Mon Jan 02 2023 17:26:32 GMT+0100 (centraleuropeisk normaltid)
Sun Jan 01 2023 12:28:26 GMT+0100 (centraleuropeisk normaltid)
Thu Dec 29 2022 14:05:00 GMT+0100 (centraleuropeisk normaltid)
Wed Dec 28 2022 14:02:45 GMT+0100 (centraleuropeisk normaltid)
Wed Dec 28 2022 13:47:10 GMT+0100 (centraleuropeisk normaltid)
Tue Dec 27 2022 20:48:25 GMT+0100 (centraleuropeisk normaltid)
Tue Dec 27 2022 19:22:58 GMT+0100 (centraleuropeisk normaltid)
Tue Dec 27 2022 18:11:04 GMT+0100 (centraleuropeisk normaltid)
Mon Dec 26 2022 15:04:06 GMT+0100 (centraleuropeisk normaltid)
Mon Dec 26 2022 11:58:47 GMT+0100 (centraleuropeisk normaltid)
Sun Dec 25 2022 14:51:36 GMT+0100 (centraleuropeisk normaltid)
Wed Dec 21 2022 20:27:01 GMT+0100 (centraleuropeisk normaltid)
Tue Dec 20 2022 16:55:29 GMT+0100 (centraleuropeisk normaltid)
Tue Dec 20 2022 13:45:03 GMT+0100 (centraleuropeisk normaltid)
Mon Dec 19 2022 17:16:31 GMT+0100 (centraleuropeisk normaltid)
Mon Dec 19 2022 08:23:31 GMT+0100 (centraleuropeisk normaltid)
Sun Dec 18 2022 20:53:07 GMT+0100 (centraleuropeisk normaltid)
Sun Dec 18 2022 05:03:19 GMT+0100 (centraleuropeisk normaltid)
Sat Dec 17 2022 14:52:51 GMT+0100 (centraleuropeisk normaltid)
Sat Dec 17 2022 08:00:01 GMT+0100 (centraleuropeisk normaltid)
---
---
---
---
---
---
---
---
---
---
files in folder: 502
emails in folder: 502
Tue May 02 2023 21:46:41 GMT+0200 (centraleuropeisk sommartid)
Wed Feb 01 2023 18:59:53 GMT+0100 (centraleuropeisk normaltid)
Wed Dec 28 2022 17:59:30 GMT+0100 (centraleuropeisk normaltid)
Sun Dec 25 2022 16:01:11 GMT+0100 (centraleuropeisk normaltid)
Mon Nov 28 2022 13:08:44 GMT+0100 (centraleuropeisk normaltid)
Sat Nov 26 2022 22:41:29 GMT+0100 (centraleuropeisk normaltid)
Tue Nov 22 2022 15:52:01 GMT+0100 (centraleuropeisk normaltid)
Mon Nov 21 2022 15:56:07 GMT+0100 (centraleuropeisk normaltid)
Sun Nov 20 2022 14:28:09 GMT+0100 (centraleuropeisk normaltid)
Wed Nov 16 2022 14:20:05 GMT+0100 (centraleuropeisk normaltid)
Thu Nov 03 2022 06:59:39 GMT+0100 (centraleuropeisk normaltid)
Tue Nov 01 2022 21:22:14 GMT+0100 (centraleuropeisk normaltid)
Mon Oct 31 2022 11:20:24 GMT+0100 (centraleuropeisk normaltid)
Thu Oct 27 2022 17:46:17 GMT+0200 (centraleuropeisk sommartid)
Thu Oct 27 2022 13:31:00 GMT+0200 (centraleuropeisk sommartid)
Sun Oct 02 2022 01:25:56 GMT+0200 (centraleuropeisk sommartid)
Sun Oct 02 2022 01:23:46 GMT+0200 (centraleuropeisk sommartid)
Fri Sep 30 2022 15:25:57 GMT+0200 (centraleuropeisk sommartid)
Fri Sep 30 2022 15:14:54 GMT+0200 (centraleuropeisk sommartid)
Wed Sep 28 2022 09:35:03 GMT+0200 (centraleuropeisk sommartid)
Mon Sep 26 2022 12:19:03 GMT+0200 (centraleuropeisk sommartid)
Thu Sep 08 2022 23:31:14 GMT+0200 (centraleuropeisk sommartid)
Wed Aug 31 2022 11:44:08 GMT+0200 (centraleuropeisk sommartid)
Sun Aug 28 2022 15:07:07 GMT+0200 (centraleuropeisk sommartid)
Wed Aug 24 2022 11:25:17 GMT+0200 (centraleuropeisk sommartid)
Wed Aug 17 2022 13:20:00 GMT+0200 (centraleuropeisk sommartid)
Wed Aug 17 2022 09:30:09 GMT+0200 (centraleuropeisk sommartid)
Tue Aug 16 2022 16:51:20 GMT+0200 (centraleuropeisk sommartid)
Thu Aug 04 2022 20:54:09 GMT+0200 (centraleuropeisk sommartid)
Wed Jul 27 2022 13:15:48 GMT+0200 (centraleuropeisk sommartid)
Mon Jul 25 2022 21:15:07 GMT+0200 (centraleuropeisk sommartid)
Mon Jul 25 2022 14:02:18 GMT+0200 (centraleuropeisk sommartid)
Sun Jul 24 2022 14:54:25 GMT+0200 (centraleuropeisk sommartid)
Wed Jun 22 2022 20:30:10 GMT+0200 (centraleuropeisk sommartid)
Wed Jun 22 2022 10:16:36 GMT+0200 (centraleuropeisk sommartid)
Wed Jun 15 2022 17:22:33 GMT+0200 (centraleuropeisk sommartid)
Thu Jun 02 2022 23:24:01 GMT+0200 (centraleuropeisk sommartid)
Sun May 22 2022 12:45:20 GMT+0200 (centraleuropeisk sommartid)
Thu Apr 07 2022 10:37:30 GMT+0200 (centraleuropeisk sommartid)
Tue Apr 05 2022 22:14:12 GMT+0200 (centraleuropeisk sommartid)
Sun Feb 27 2022 22:47:56 GMT+0100 (centraleuropeisk normaltid)
Wed Feb 09 2022 17:18:22 GMT+0100 (centraleuropeisk normaltid)
Wed Jan 26 2022 18:19:39 GMT+0100 (centraleuropeisk normaltid)
Mon Jan 17 2022 23:03:39 GMT+0100 (centraleuropeisk normaltid)
Mon Jan 17 2022 13:05:06 GMT+0100 (centraleuropeisk normaltid)
Sun Jan 16 2022 11:40:18 GMT+0100 (centraleuropeisk normaltid)
Thu Jan 13 2022 08:29:01 GMT+0100 (centraleuropeisk normaltid)
Tue Jan 11 2022 19:28:50 GMT+0100 (centraleuropeisk normaltid)
Fri Dec 31 2021 00:16:09 GMT+0100 (centraleuropeisk normaltid)
Tue Dec 28 2021 15:31:40 GMT+0100 (centraleuropeisk normaltid)
Mon Dec 27 2021 11:40:03 GMT+0100 (centraleuropeisk normaltid)
Mon Dec 27 2021 09:10:19 GMT+0100 (centraleuropeisk normaltid)
Fri Dec 24 2021 14:40:00 GMT+0100 (centraleuropeisk normaltid)
Fri Dec 17 2021 18:42:40 GMT+0100 (centraleuropeisk normaltid)
Tue Dec 14 2021 20:18:05 GMT+0100 (centraleuropeisk normaltid)
Sun Dec 05 2021 11:20:59 GMT+0100 (centraleuropeisk normaltid)
Wed Dec 01 2021 11:15:33 GMT+0100 (centraleuropeisk normaltid)
Mon Nov 08 2021 21:33:11 GMT+0100 (centraleuropeisk normaltid)
Fri Nov 05 2021 07:43:11 GMT+0100 (centraleuropeisk normaltid)
Tue Nov 02 2021 09:19:25 GMT+0100 (centraleuropeisk normaltid)
Mon Nov 01 2021 09:23:08 GMT+0100 (centraleuropeisk normaltid)
Wed Oct 27 2021 09:22:32 GMT+0200 (centraleuropeisk sommartid)
Tue Oct 19 2021 14:37:41 GMT+0200 (centraleuropeisk sommartid)
Wed Sep 29 2021 09:17:24 GMT+0200 (centraleuropeisk sommartid)
Wed Sep 29 2021 08:58:30 GMT+0200 (centraleuropeisk sommartid)
Wed Sep 08 2021 23:26:27 GMT+0200 (centraleuropeisk sommartid)
Wed Sep 01 2021 11:30:11 GMT+0200 (centraleuropeisk sommartid)
Tue Aug 17 2021 10:09:46 GMT+0200 (centraleuropeisk sommartid)
Fri Aug 13 2021 09:10:18 GMT+0200 (centraleuropeisk sommartid)
Wed Jul 14 2021 22:20:20 GMT+0200 (centraleuropeisk sommartid)
Thu Jul 08 2021 21:51:29 GMT+0200 (centraleuropeisk sommartid)
Thu Jun 24 2021 12:32:32 GMT+0200 (centraleuropeisk sommartid)
Thu Jun 10 2021 00:25:05 GMT+0200 (centraleuropeisk sommartid)
Wed May 26 2021 10:41:58 GMT+0200 (centraleuropeisk sommartid)
Wed May 19 2021 13:55:08 GMT+0200 (centraleuropeisk sommartid)
Mon Apr 19 2021 15:06:31 GMT+0200 (centraleuropeisk sommartid)
Tue Mar 16 2021 11:01:59 GMT+0100 (centraleuropeisk normaltid)
Wed Mar 10 2021 10:43:32 GMT+0100 (centraleuropeisk normaltid)
Fri Mar 05 2021 14:19:53 GMT+0100 (centraleuropeisk normaltid)
Fri Feb 19 2021 14:45:12 GMT+0100 (centraleuropeisk normaltid)
Mon Feb 08 2021 00:43:31 GMT+0100 (centraleuropeisk normaltid)
Wed Feb 03 2021 16:29:31 GMT+0100 (centraleuropeisk normaltid)
Mon Feb 01 2021 13:51:43 GMT+0100 (centraleuropeisk normaltid)
Sun Jan 24 2021 11:40:15 GMT+0100 (centraleuropeisk normaltid)
Sun Jan 17 2021 21:48:17 GMT+0100 (centraleuropeisk normaltid)
Wed Dec 16 2020 11:34:26 GMT+0100 (centraleuropeisk normaltid)
Sun Dec 13 2020 16:41:16 GMT+0100 (centraleuropeisk normaltid)
Thu Dec 10 2020 10:45:29 GMT+0100 (centraleuropeisk normaltid)
Tue Dec 08 2020 11:19:24 GMT+0100 (centraleuropeisk normaltid)
Thu Dec 03 2020 10:55:20 GMT+0100 (centraleuropeisk normaltid)
Tue Nov 24 2020 08:25:31 GMT+0100 (centraleuropeisk normaltid)
Mon Nov 09 2020 13:34:01 GMT+0100 (centraleuropeisk normaltid)
---
---
---
---
