C:\Program Files\nodejs\npx.cmd ts-node src/index.ts
8fbe75217ef14aa3a4fdfc010ace07f9
 |- Top of Personal Folders
 |  |- 0
 |  |- Deleted Items
 |  |  |- 1
 |  |- Archive
 |  |  |- 0
 |  |- Calendar
 |  |  |- 35
 |  |- Contacts
 |  |  |- 5
 |  |  |- {06967759-274D-40B2-A3EB-D7F9E73727D7}
 |  |  |  |- 0
 |  |  |- {A9E2BC46-B3A0-4243-B315-60D991004455}
 |  |  |  |- 0
 |  |  |- Companies
 |  |  |  |- 0
 |  |  |- GAL Contacts
 |  |  |  |- 0
 |  |  |- Organizational Contacts
 |  |  |  |- 0
 |  |  |- PeopleCentricConversation Buddies
 |  |  |  |- 0
 |  |  |- Recipient Cache
 |  |  |  |- 869
 |  |- Conversation Action Settings
 |  |  |- 0
 |  |- Conversation History
 |  |  |- 0
 |  |- Drafts
 |  |  |- 0
 |  |- ExternalContacts
 |  |  |- 0
 |  |- Inbox
 |  |  |- 11488
 |  |  |- KYM
 |  |  |  |- 695
 |  |- isak.abrah@gmail.com
 |  |  |- 0
 |  |  |- INBOX
 |  |  |  |- 182
 |  |  |- Skickat
 |  |  |  |- 13
 |  |  |- Utkast
 |  |  |  |- 0
 |  |- Journal
 |  |  |- 0
 |  |- Junk Email
 |  |  |- 366
 |  |- MeContact
 |  |  |- 2
 |  |- Notes
 |  |  |- 0
 |  |- Outbox
 |  |  |- 0
 |  |- PersonMetadata
 |  |  |- 1166
 |  |- Quick Step Settings
 |  |  |- 0
 |  |- RSS Feeds
 |  |  |- 0
 |  |- Sent Items
 |  |  |- 502
 |  |- Sync Issues
 |  |  |- 0
 |  |  |- Conflicts
 |  |  |  |- 0
 |  |  |- Local Failures
 |  |  |  |- 0
 |  |  |- Server Failures
 |  |  |  |- 0
 |  |- Tasks
 |  |  |- 2
 |  |- Recoverable Items
 |  |  |- 0
 |  |  |- Calendar Logging
 |  |  |  |- 0
 |  |  |- Deletions
 |  |  |  |- 5
 |  |  |- DumpsterAudits
 |  |  |  |- 0
 |  |  |- Purges
 |  |  |  |- 497
 |  |  |- Versions
 |  |  |  |- 0
 |- Search Root
 |  |- 0
 |- SPAM Search Folder 2
 |  |- 0
